I0312 22:49:22.602058   41092 generic-main.go:63] "Command line flag" logger="transport-controller" name="add_dir_header" value="false"
I0312 22:49:22.602256   41092 generic-main.go:63] "Command line flag" logger="transport-controller" name="alsologtostderr" value="false"
I0312 22:49:22.602271   41092 generic-main.go:63] "Command line flag" logger="transport-controller" name="concurrency" value="4"
I0312 22:49:22.602281   41092 generic-main.go:63] "Command line flag" logger="transport-controller" name="log_backtrace_at" value=":0"
I0312 22:49:22.602290   41092 generic-main.go:63] "Command line flag" logger="transport-controller" name="log_dir" value=""
I0312 22:49:22.602299   41092 generic-main.go:63] "Command line flag" logger="transport-controller" name="log_file" value=""
I0312 22:49:22.602307   41092 generic-main.go:63] "Command line flag" logger="transport-controller" name="log_file_max_size" value="1800"
I0312 22:49:22.602315   41092 generic-main.go:63] "Command line flag" logger="transport-controller" name="logtostderr" value="true"
I0312 22:49:22.602323   41092 generic-main.go:63] "Command line flag" logger="transport-controller" name="one_output" value="false"
I0312 22:49:22.602339   41092 generic-main.go:63] "Command line flag" logger="transport-controller" name="skip_headers" value="false"
I0312 22:49:22.602347   41092 generic-main.go:63] "Command line flag" logger="transport-controller" name="skip_log_headers" value="false"
I0312 22:49:22.602354   41092 generic-main.go:63] "Command line flag" logger="transport-controller" name="stderrthreshold" value="2"
I0312 22:49:22.602363   41092 generic-main.go:63] "Command line flag" logger="transport-controller" name="transport-cluster" value=""
I0312 22:49:22.602371   41092 generic-main.go:63] "Command line flag" logger="transport-controller" name="transport-context" value="imbs1"
I0312 22:49:22.602379   41092 generic-main.go:63] "Command line flag" logger="transport-controller" name="transport-kubeconfig" value=""
I0312 22:49:22.602389   41092 generic-main.go:63] "Command line flag" logger="transport-controller" name="transport-user" value=""
I0312 22:49:22.602400   41092 generic-main.go:63] "Command line flag" logger="transport-controller" name="v" value="2"
I0312 22:49:22.602439   41092 generic-main.go:63] "Command line flag" logger="transport-controller" name="vmodule" value=""
I0312 22:49:22.602506   41092 generic-main.go:63] "Command line flag" logger="transport-controller" name="wds-cluster" value=""
I0312 22:49:22.602519   41092 generic-main.go:63] "Command line flag" logger="transport-controller" name="wds-context" value="wds0"
I0312 22:49:22.602530   41092 generic-main.go:63] "Command line flag" logger="transport-controller" name="wds-kubeconfig" value=""
I0312 22:49:22.602539   41092 generic-main.go:63] "Command line flag" logger="transport-controller" name="wds-name" value="wds0"
I0312 22:49:22.602548   41092 generic-main.go:63] "Command line flag" logger="transport-controller" name="wds-user" value=""
I0312 22:49:22.618652   41092 generic_transport_controller.go:97] "Setting up event handlers" logger="transport-controller"
I0312 22:49:22.618754   41092 generic_transport_controller.go:208] "starting transport controller" logger="transport-controller"
I0312 22:49:22.618767   41092 generic_transport_controller.go:211] "waiting for informer caches to sync" logger="transport-controller"
I0312 22:49:22.622174   41092 generic_transport_controller.go:189] "failed to extract binding key from wrapped object" logger="transport-controller" Name="addon-addon-status-deploy-0" Namespace="cluster1"
I0312 22:49:22.719845   41092 generic_transport_controller.go:217] "starting workers" logger="transport-controller" count=4
I0312 22:49:22.719943   41092 generic_transport_controller.go:224] "started workers" logger="transport-controller"
I0312 22:49:47.756702   41092 generic_transport_controller.go:250] "synced Binding object successfully." logger="transport-controller" objectKey="workflows" workerID=2
I0312 22:49:47.776031   41092 generic_transport_controller.go:250] "synced Binding object successfully." logger="transport-controller" objectKey="workflows" workerID=1
I0312 22:49:47.784882   41092 generic_transport_controller.go:250] "synced Binding object successfully." logger="transport-controller" objectKey="workflows" workerID=3
I0312 22:49:47.806206   41092 generic_transport_controller.go:250] "synced Binding object successfully." logger="transport-controller" objectKey="workflows" workerID=2
I0312 22:49:47.816929   41092 generic_transport_controller.go:250] "synced Binding object successfully." logger="transport-controller" objectKey="workflows" workerID=4
I0312 22:51:15.942292   41092 generic_transport_controller.go:250] "synced Binding object successfully." logger="transport-controller" objectKey="workflows" workerID=2
I0312 22:51:15.951608   41092 generic_transport_controller.go:250] "synced Binding object successfully." logger="transport-controller" objectKey="workflows" workerID=3
I0312 22:51:15.966799   41092 generic_transport_controller.go:250] "synced Binding object successfully." logger="transport-controller" objectKey="workflows" workerID=1
I0312 22:51:15.978049   41092 generic_transport_controller.go:250] "synced Binding object successfully." logger="transport-controller" objectKey="workflows" workerID=2
I0312 22:51:15.986398   41092 generic_transport_controller.go:250] "synced Binding object successfully." logger="transport-controller" objectKey="workflows" workerID=4
